/home/uhreed/turtlebot3_line_follower/src/turtlebot3_line_follower/install/turtlebot3_line_follower/lib/python3.10/site-packages/turtlebot3_line_follower/two_line_follower_node.py
/home/uhreed/turtlebot3_line_follower/src/turtlebot3_line_follower/install/turtlebot3_line_follower/lib/python3.10/site-packages/turtlebot3_line_follower/two_robot_depth.py
/home/uhreed/turtlebot3_line_follower/src/turtlebot3_line_follower/install/turtlebot3_line_follower/lib/python3.10/site-packages/turtlebot3_line_follower/depth_estimation.py
/home/uhreed/turtlebot3_line_follower/src/turtlebot3_line_follower/install/turtlebot3_line_follower/lib/python3.10/site-packages/turtlebot3_line_follower/two_robot_camera.py
/home/uhreed/turtlebot3_line_follower/src/turtlebot3_line_follower/install/turtlebot3_line_follower/lib/python3.10/site-packages/turtlebot3_line_follower/line_follower.py
/home/uhreed/turtlebot3_line_follower/src/turtlebot3_line_follower/install/turtlebot3_line_follower/lib/python3.10/site-packages/turtlebot3_line_follower/__init__.py
/home/uhreed/turtlebot3_line_follower/src/turtlebot3_line_follower/install/turtlebot3_line_follower/lib/python3.10/site-packages/turtlebot3_line_follower/yolo_detect.py
/home/uhreed/turtlebot3_line_follower/src/turtlebot3_line_follower/install/turtlebot3_line_follower/lib/python3.10/site-packages/turtlebot3_line_follower/__pycache__/two_line_follower_node.cpython-310.pyc
/home/uhreed/turtlebot3_line_follower/src/turtlebot3_line_follower/install/turtlebot3_line_follower/lib/python3.10/site-packages/turtlebot3_line_follower/__pycache__/two_robot_depth.cpython-310.pyc
/home/uhreed/turtlebot3_line_follower/src/turtlebot3_line_follower/install/turtlebot3_line_follower/lib/python3.10/site-packages/turtlebot3_line_follower/__pycache__/depth_estimation.cpython-310.pyc
/home/uhreed/turtlebot3_line_follower/src/turtlebot3_line_follower/install/turtlebot3_line_follower/lib/python3.10/site-packages/turtlebot3_line_follower/__pycache__/two_robot_camera.cpython-310.pyc
/home/uhreed/turtlebot3_line_follower/src/turtlebot3_line_follower/install/turtlebot3_line_follower/lib/python3.10/site-packages/turtlebot3_line_follower/__pycache__/line_follower.cpython-310.pyc
/home/uhreed/turtlebot3_line_follower/src/turtlebot3_line_follower/install/turtlebot3_line_follower/lib/python3.10/site-packages/turtlebot3_line_follower/__pycache__/__init__.cpython-310.pyc
/home/uhreed/turtlebot3_line_follower/src/turtlebot3_line_follower/install/turtlebot3_line_follower/lib/python3.10/site-packages/turtlebot3_line_follower/__pycache__/yolo_detect.cpython-310.pyc
/home/uhreed/turtlebot3_line_follower/src/turtlebot3_line_follower/install/turtlebot3_line_follower/share/ament_index/resource_index/packages/turtlebot3_line_follower
/home/uhreed/turtlebot3_line_follower/src/turtlebot3_line_follower/install/turtlebot3_line_follower/share/turtlebot3_line_follower/launch/line_follow_world.launch.py
/home/uhreed/turtlebot3_line_follower/src/turtlebot3_line_follower/install/turtlebot3_line_follower/share/turtlebot3_line_follower/launch/two_robots.launch.py
/home/uhreed/turtlebot3_line_follower/src/turtlebot3_line_follower/install/turtlebot3_line_follower/share/turtlebot3_line_follower/worlds/line_follow_world.world
/home/uhreed/turtlebot3_line_follower/src/turtlebot3_line_follower/install/turtlebot3_line_follower/share/turtlebot3_line_follower/worlds/wall_world.world
/home/uhreed/turtlebot3_line_follower/src/turtlebot3_line_follower/install/turtlebot3_line_follower/share/turtlebot3_line_follower/package.xml
/home/uhreed/turtlebot3_line_follower/src/turtlebot3_line_follower/install/turtlebot3_line_follower/lib/python3.10/site-packages/turtlebot3_line_follower-0.0.0-py3.10.egg-info/top_level.txt
/home/uhreed/turtlebot3_line_follower/src/turtlebot3_line_follower/install/turtlebot3_line_follower/lib/python3.10/site-packages/turtlebot3_line_follower-0.0.0-py3.10.egg-info/entry_points.txt
/home/uhreed/turtlebot3_line_follower/src/turtlebot3_line_follower/install/turtlebot3_line_follower/lib/python3.10/site-packages/turtlebot3_line_follower-0.0.0-py3.10.egg-info/zip-safe
/home/uhreed/turtlebot3_line_follower/src/turtlebot3_line_follower/install/turtlebot3_line_follower/lib/python3.10/site-packages/turtlebot3_line_follower-0.0.0-py3.10.egg-info/requires.txt
/home/uhreed/turtlebot3_line_follower/src/turtlebot3_line_follower/install/turtlebot3_line_follower/lib/python3.10/site-packages/turtlebot3_line_follower-0.0.0-py3.10.egg-info/SOURCES.txt
/home/uhreed/turtlebot3_line_follower/src/turtlebot3_line_follower/install/turtlebot3_line_follower/lib/python3.10/site-packages/turtlebot3_line_follower-0.0.0-py3.10.egg-info/dependency_links.txt
/home/uhreed/turtlebot3_line_follower/src/turtlebot3_line_follower/install/turtlebot3_line_follower/lib/python3.10/site-packages/turtlebot3_line_follower-0.0.0-py3.10.egg-info/PKG-INFO
/home/uhreed/turtlebot3_line_follower/src/turtlebot3_line_follower/install/turtlebot3_line_follower/lib/turtlebot3_line_follower/yolo_detect
